<?xml version="1.0" encoding="UTF-8"?>
<!-- Generated by org.testng.reporters.JUnitReportReporter -->
<testsuite hostname="IQZCBELT053" failures="0" tests="4" name="Demo.Cross_Browser" time="51.195" errors="0" timestamp="2021-11-23T13:58:41 IST" skipped="0">
  <testcase classname="Demo.Cross_Browser" name="testGoogle" time="10.098"/>
  <system-out/>
  <testcase classname="Demo.Cross_Browser" name="testYahoo" time="14.216"/>
  <system-out/>
  <testcase classname="Demo.Cross_Browser" name="testGoogle" time="10.540"/>
  <system-out/>
  <testcase classname="Demo.Cross_Browser" name="testYahoo" time="16.341"/>
  <system-out/>
</testsuite> <!-- Demo.Cross_Browser -->
