<?xml version="1.0" encoding="UTF-8"?>
<!-- Generated by org.testng.reporters.JUnitReportReporter -->
<testsuite hostname="IQZCBELT053" failures="0" tests="5" name="Pegalogin_Demo.Login_Page" time="20.089" errors="0" timestamp="2021-12-13T13:10:43 IST" skipped="0">
  <testcase classname="Pegalogin_Demo.Login_Page" name="click_login" time="8.722"/>
  <system-out/>
  <testcase classname="Pegalogin_Demo.Login_Page" name="enter_password" time="3.133"/>
  <system-out/>
  <testcase classname="Pegalogin_Demo.Login_Page" name="get_title" time="0.019"/>
  <system-out/>
  <testcase classname="Pegalogin_Demo.Login_Page" name="launch_app" time="3.083"/>
  <system-out/>
  <testcase classname="Pegalogin_Demo.Login_Page" name="enter_username" time="5.132"/>
  <system-out/>
</testsuite> <!-- Pegalogin_Demo.Login_Page -->
