<?xml version="1.0" encoding="UTF-8"?>
<!-- Generated by org.testng.reporters.JUnitReportReporter -->
<testsuite hostname="IQZCBELT053" failures="0" tests="10" name="Pegalogin_Twice.Login_Page_Twice" time="27.534" errors="0" timestamp="2021-12-13T14:21:03 IST" skipped="0">
  <testcase classname="Pegalogin_Twice.Login_Page_Twice" name="click_login" time="8.901"/>
  <system-out/>
  <testcase classname="Pegalogin_Twice.Login_Page_Twice" name="click_login" time="8.255"/>
  <system-out/>
  <testcase classname="Pegalogin_Twice.Login_Page_Twice" name="enter_password" time="1.116"/>
  <system-out/>
  <testcase classname="Pegalogin_Twice.Login_Page_Twice" name="get_title" time="0.020"/>
  <system-out/>
  <testcase classname="Pegalogin_Twice.Login_Page_Twice" name="enter_password" time="1.104"/>
  <system-out/>
  <testcase classname="Pegalogin_Twice.Login_Page_Twice" name="launch_app" time="3.153"/>
  <system-out/>
  <testcase classname="Pegalogin_Twice.Login_Page_Twice" name="launch_app" time="2.755"/>
  <system-out/>
  <testcase classname="Pegalogin_Twice.Login_Page_Twice" name="enter_username" time="1.108"/>
  <system-out/>
  <testcase classname="Pegalogin_Twice.Login_Page_Twice" name="enter_username" time="1.110"/>
  <system-out/>
  <testcase classname="Pegalogin_Twice.Login_Page_Twice" name="get_title" time="0.012"/>
  <system-out/>
</testsuite> <!-- Pegalogin_Twice.Login_Page_Twice -->
