<?xml version="1.0" encoding="UTF-8"?>
<!-- Generated by org.testng.reporters.JUnitReportReporter -->
<testsuite hostname="IQZCBELT053" failures="0" tests="15" name="Pegalogin_Thrice.Login_Page_Thrice" time="40.638" errors="0" timestamp="2021-12-13T14:30:34 IST" skipped="0">
  <testcase classname="Pegalogin_Thrice.Login_Page_Thrice" name="enter_username" time="1.141"/>
  <system-out/>
  <testcase classname="Pegalogin_Thrice.Login_Page_Thrice" name="launch_app" time="2.777"/>
  <system-out/>
  <testcase classname="Pegalogin_Thrice.Login_Page_Thrice" name="get_title" time="0.020"/>
  <system-out/>
  <testcase classname="Pegalogin_Thrice.Login_Page_Thrice" name="launch_app" time="2.867"/>
  <system-out/>
  <testcase classname="Pegalogin_Thrice.Login_Page_Thrice" name="enter_username" time="1.167"/>
  <system-out/>
  <testcase classname="Pegalogin_Thrice.Login_Page_Thrice" name="enter_username" time="1.098"/>
  <system-out/>
  <testcase classname="Pegalogin_Thrice.Login_Page_Thrice" name="enter_password" time="1.108"/>
  <system-out/>
  <testcase classname="Pegalogin_Thrice.Login_Page_Thrice" name="click_login" time="8.867"/>
  <system-out/>
  <testcase classname="Pegalogin_Thrice.Login_Page_Thrice" name="click_login" time="8.577"/>
  <system-out/>
  <testcase classname="Pegalogin_Thrice.Login_Page_Thrice" name="get_title" time="0.020"/>
  <system-out/>
  <testcase classname="Pegalogin_Thrice.Login_Page_Thrice" name="get_title" time="0.014"/>
  <system-out/>
  <testcase classname="Pegalogin_Thrice.Login_Page_Thrice" name="enter_password" time="1.123"/>
  <system-out/>
  <testcase classname="Pegalogin_Thrice.Login_Page_Thrice" name="click_login" time="8.070"/>
  <system-out/>
  <testcase classname="Pegalogin_Thrice.Login_Page_Thrice" name="enter_password" time="1.119"/>
  <system-out/>
  <testcase classname="Pegalogin_Thrice.Login_Page_Thrice" name="launch_app" time="2.670"/>
  <system-out/>
</testsuite> <!-- Pegalogin_Thrice.Login_Page_Thrice -->
