<?xml version="1.0" encoding="UTF-8"?>
<!-- Generated by org.testng.reporters.JUnitReportReporter -->
<testsuite hostname="IQZCBELT053" failures="0" tests="5" name="Pegalogin_ImplicitWait.Login_Page_IW" time="8.082" errors="0" timestamp="2021-12-13T16:11:20 IST" skipped="0">
  <testcase classname="Pegalogin_ImplicitWait.Login_Page_IW" name="enter_username" time="0.078"/>
  <system-out/>
  <testcase classname="Pegalogin_ImplicitWait.Login_Page_IW" name="launch_app" time="1.880"/>
  <system-out/>
  <testcase classname="Pegalogin_ImplicitWait.Login_Page_IW" name="get_title" time="0.011"/>
  <system-out/>
  <testcase classname="Pegalogin_ImplicitWait.Login_Page_IW" name="enter_password" time="0.085"/>
  <system-out/>
  <testcase classname="Pegalogin_ImplicitWait.Login_Page_IW" name="click_login" time="6.028"/>
  <system-out/>
</testsuite> <!-- Pegalogin_ImplicitWait.Login_Page_IW -->
