<?xml version="1.0" encoding="UTF-8"?>
<!-- Generated by org.testng.reporters.JUnitReportReporter -->
<testsuite hostname="IQZCBELT053" failures="0" tests="2" name="Demo.Cross_Browser" time="48.326" errors="0" timestamp="2021-11-17T17:21:10 IST" skipped="0">
  <testcase classname="Demo.Cross_Browser" name="testYahoo" time="33.114"/>
  <system-out/>
  <testcase classname="Demo.Cross_Browser" name="testGoogle" time="15.212"/>
  <system-out/>
</testsuite> <!-- Demo.Cross_Browser -->
